<?xml version="1.0" encoding="UTF-8"?>
<testsuite xmlns:xsi="http://www.w3.org/2001/XMLSchema-instance" xsi:noNamespaceSchemaLocation="https://maven.apache.org/surefire/maven-surefire-plugin/xsd/surefire-test-report.xsd" version="3.0.2" name="ejercicios.Ejercicio003Test" time="0.004" tests="3" errors="0" skipped="0" failures="0">
  <properties>
[...]
</properties>
  <testcase name="testCelsiusAFahrenheit_Cero" classname="ejercicios.Ejercicio003Test" time="0.002"/>
  <testcase name="testCelsiusAFahrenheit_Positivo" classname="ejercicios.Ejercicio003Test" time="0.001"/>
  <testcase name="testCelsiusAFahrenheit_Negativo" classname="ejercicios.Ejercicio003Test" time="0.001"/>
</testsuite>